<?xml version="1.0" encoding="UTF-8"?>
<!-- Generated by org.testng.reporters.JUnitReportReporter -->
<testsuite skipped="0" hostname="dell" name="Shiksha_SignUpTest" tests="2" failures="0" timestamp="30 Nov 2018 08:00:50 GMT" time="28.949" errors="0">
  <testcase name="open" time="25.908" classname="Shiksha_SignUpTest"/>
  <testcase name="login" time="3.041" classname="Shiksha_SignUpTest"/>
</testsuite> <!-- Shiksha_SignUpTest -->
