<?xml version="1.0" encoding="UTF-8"?>
<!-- Generated by org.testng.reporters.JUnitReportReporter -->
<testsuite skipped="0" hostname="dell" name="Shiksha_SignUpTest" tests="2" failures="0" timestamp="30 Nov 2018 07:38:01 GMT" time="38.920" errors="0">
  <testcase name="open" time="36.862" classname="Shiksha_SignUpTest"/>
  <testcase name="login" time="2.058" classname="Shiksha_SignUpTest"/>
</testsuite> <!-- Shiksha_SignUpTest -->
